<?xml version="1.0" encoding="UTF-8"?>
<!-- Generated by org.testng.reporters.JUnitXMLReporter -->
<testsuite hostname="Swapnesh" ignored="0" name="Default test" tests="3" failures="0" timestamp="23 Jul 2019 09:50:01 GMT" time="18.309" errors="0">
  <testcase name="BaseNavigation" time="5.623" classname="cases.Admin_Leave_Apply"/>
  <testcase name="Emailtextblock" time="3.806" classname="cases.Admin_Leave_Apply"/>
  <testcase name="leaveApply" time="4.95" classname="cases.Admin_Leave_Apply"/>
</testsuite> <!-- Default test -->
