<?xml version="1.0" encoding="UTF-8"?>
<!-- Generated by org.testng.reporters.JUnitXMLReporter -->
<testsuite hostname="Swapnesh" ignored="0" name="validating login page" tests="6" failures="0" timestamp="23 Jul 2019 07:04:46 GMT" time="14.722" errors="0">
  <testcase name="BaseNavigation" time="5.674" classname="cases.LoginPage"/>
  <testcase name="Emailtextblock" time="1.189" classname="cases.LoginPage"/>
  <testcase name="Emailtextblock" time="1.638" classname="cases.LoginPage"/>
  <testcase name="NeedAccount" time="3.028" classname="cases.LoginPage"/>
  <testcase name="forgetpassword" time="0.758" classname="cases.LoginPage"/>
  <testcase name="title" time="0.071" classname="cases.LoginPage"/>
</testsuite> <!-- validating login page -->
