<?xml version="1.0" encoding="UTF-8"?>
<!-- Generated by org.testng.reporters.JUnitXMLReporter -->
<testsuite hostname="Swapnesh" ignored="0" name="validating home page" tests="10" failures="0" timestamp="23 Jul 2019 07:04:31 GMT" time="37.075" errors="0">
  <testcase name="BaseNavigation" time="6.639" classname="cases.HomePage"/>
  <testcase name="EMSButton" time="1.826" classname="cases.HomePage"/>
  <testcase name="Facebook" time="7.211" classname="cases.HomePage"/>
  <testcase name="NavbarHome" time="1.746" classname="cases.HomePage"/>
  <testcase name="NavbarPricing" time="2.323" classname="cases.HomePage"/>
  <testcase name="NavbarReqDemo" time="2.216" classname="cases.HomePage"/>
  <testcase name="NavbarWhyUs" time="2.798" classname="cases.HomePage"/>
  <testcase name="RegistrationGetEMS" time="1.805" classname="cases.HomePage"/>
  <testcase name="Twitter" time="4.902" classname="cases.HomePage"/>
  <testcase name="loginlink" time="1.451" classname="cases.HomePage"/>
</testsuite> <!-- validating home page -->
