<?xml version="1.0" encoding="UTF-8"?>
<!-- Generated by org.testng.reporters.JUnitXMLReporter -->
<testsuite hostname="Swapnesh" ignored="0" name="validating view department" tests="5" failures="0" timestamp="23 Jul 2019 07:07:28 GMT" time="44.757" errors="0">
  <testcase name="BaseNavigation" time="5.467" classname="cases.Department_view"/>
  <testcase name="Emailtextblock" time="3.934" classname="cases.Department_view"/>
  <testcase name="addEmpinDept" time="23.164" classname="cases.Department_view"/>
  <testcase name="deletedept" time="3.77" classname="cases.Department_view"/>
  <testcase name="deptView" time="6.044" classname="cases.Department_view"/>
</testsuite> <!-- validating view department -->
