<?xml version="1.0" encoding="UTF-8"?>
<!-- Generated by org.testng.reporters.JUnitXMLReporter -->
<testsuite hostname="Swapnesh" ignored="0" name="Validating Employee" tests="3" failures="0" timestamp="10 Jul 2019 07:00:56 GMT" time="13.901" errors="0">
  <testcase name="BaseNavigation" time="6.424" classname="cases.AdminEmployee"/>
  <testcase name="Emailtextblock" time="4.055" classname="cases.AdminEmployee"/>
  <testcase name="employee" time="1.009" classname="cases.AdminEmployee"/>
</testsuite> <!-- Validating Employee -->
