<?xml version="1.0" encoding="UTF-8"?>
<!-- Generated by org.testng.reporters.JUnitXMLReporter -->
<testsuite hostname="Swapnesh" ignored="0" name="validating AdminEmployee" tests="3" failures="0" timestamp="23 Jul 2019 07:05:21 GMT" time="35.13" errors="0">
  <testcase name="BaseNavigation" time="5.494" classname="cases.AdminEmployee"/>
  <testcase name="Emailtextblock" time="3.823" classname="cases.AdminEmployee"/>
  <testcase name="employee" time="23.361" classname="cases.AdminEmployee"/>
</testsuite> <!-- validating AdminEmployee -->
