<?xml version="1.0" encoding="UTF-8"?>
<!-- Generated by org.testng.reporters.JUnitXMLReporter -->
<testsuite hostname="Swapnesh" ignored="0" name="validating add department" tests="3" failures="0" timestamp="23 Jul 2019 07:06:44 GMT" time="30.249" errors="0">
  <testcase name="BaseNavigation" time="12.662" classname="cases.Department_add"/>
  <testcase name="Emailtextblock" time="9.764" classname="cases.Department_add"/>
  <testcase name="add_department" time="5.455" classname="cases.Department_add"/>
</testsuite> <!-- validating add department -->
