<?xml version="1.0" encoding="UTF-8"?>
<!-- Generated by org.testng.reporters.JUnitXMLReporter -->
<testsuite hostname="Swapnesh" ignored="0" name="validating apply leave" tests="3" failures="0" timestamp="23 Jul 2019 07:07:41 GMT" time="13.019" errors="0">
  <testcase name="BaseNavigation" time="5.652" classname="cases.Admin_Leave_Apply"/>
  <testcase name="Emailtextblock" time="3.656" classname="cases.Admin_Leave_Apply"/>
  <testcase name="leaveApply" time="1.516" classname="cases.Admin_Leave_Apply"/>
</testsuite> <!-- validating apply leave -->
