<?xml version="1.0" encoding="UTF-8"?>
<!-- Generated by org.testng.reporters.JUnitXMLReporter -->
<testsuite hostname="Swapnesh" ignored="0" name="Validating Employee" tests="3" failures="0" timestamp="10 Jul 2019 07:04:19 GMT" time="16.179" errors="0">
  <testcase name="BaseNavigation" time="5.852" classname="cases.AdminEmployee"/>
  <testcase name="Emailtextblock" time="4.076" classname="cases.AdminEmployee"/>
  <testcase name="employee" time="1.361" classname="cases.AdminEmployee"/>
</testsuite> <!-- Validating Employee -->
