<?xml version="1.0" encoding="UTF-8"?>
<!-- Generated by org.testng.reporters.JUnitXMLReporter -->
<testsuite hostname="Swapnesh" ignored="0" name="Validating Login Page" tests="6" failures="0" timestamp="10 Jul 2019 07:04:03 GMT" time="12.87" errors="0">
  <testcase name="BaseNavigation" time="6.184" classname="cases.LoginPage"/>
  <testcase name="Emailtextblock" time="1.325" classname="cases.LoginPage"/>
  <testcase name="Emailtextblock" time="1.277" classname="cases.LoginPage"/>
  <testcase name="NeedAccount" time="0.943" classname="cases.LoginPage"/>
  <testcase name="forgetpassword" time="0.685" classname="cases.LoginPage"/>
  <testcase name="title" time="0.074" classname="cases.LoginPage"/>
</testsuite> <!-- Validating Login Page -->
